11:37:40.588  828  DEBUG fr.sparna.rdf.xls2rdf.app.Convert - Will use output format : text/turtle
11:37:40.591  831  DEBUG fr.sparna.rdf.xls2rdf.app.Convert - Will use ModelWriter : fr.sparna.rdf.xls2rdf.OutputStreamModelWriter
11:37:41.553  1793 DEBUG f.s.rdf.xls2rdf.Xls2RdfConverter - Processing sheet: controlled-termilogy
11:37:41.557  1797 INFO  f.sparna.rdf.xls2rdf.RdfizableSheet - Found proper property in header : http://www.fairdatacollective.com/template-vocabulary/
11:37:41.558  1798 INFO  f.sparna.rdf.xls2rdf.RdfizableSheet - Found proper property in header : http://purl.org/pav/
11:37:41.558  1798 INFO  f.sparna.rdf.xls2rdf.RdfizableSheet - Found proper property in header : http://purl.org/dc/terms/
11:37:41.559  1799 INFO  f.sparna.rdf.xls2rdf.RdfizableSheet - Found proper property in header : https://orcid.org/0000-0002-9381-9694
11:37:41.559  1799 INFO  f.sparna.rdf.xls2rdf.RdfizableSheet - Found proper property in header : https://orcid.org/0000-0001-6875-5360
11:37:41.560  1800 INFO  f.sparna.rdf.xls2rdf.RdfizableSheet - Found proper property in header : http://www.w3.org/2004/02/skos/core#prefLabel
11:37:41.566  1806 INFO  f.sparna.rdf.xls2rdf.RdfizableSheet - Found proper property in header : http://www.w3.org/2004/02/skos/core#altLabel
11:37:41.566  1806 INFO  f.sparna.rdf.xls2rdf.RdfizableSheet - Found proper property in header : http://www.w3.org/2004/02/skos/core#definition
11:37:41.567  1807 INFO  f.sparna.rdf.xls2rdf.RdfizableSheet - Found proper property in header : http://www.w3.org/2004/02/skos/core#broader
11:37:41.567  1807 INFO  f.sparna.rdf.xls2rdf.RdfizableSheet - Found proper property in header : http://www.w3.org/2004/02/skos/core#exactMatch
11:37:41.567  1807 INFO  f.sparna.rdf.xls2rdf.RdfizableSheet - Found proper property in header : http://purl.org/dc/terms/creator
11:37:41.569  1809 INFO  f.sparna.rdf.xls2rdf.RdfizableSheet - Found proper property in header : http://purl.org/dc/terms/contributor
11:37:41.569  1809 INFO  f.sparna.rdf.xls2rdf.RdfizableSheet - Found proper property in header : http://www.w3.org/2004/02/skos/core#editorialNote
11:37:41.569  1809 INFO  f.sparna.rdf.xls2rdf.RdfizableSheet - Found at least 2 headers with proper property declaration in the first 10 columns, title row is at index 16
11:37:41.570  1810 DEBUG f.s.rdf.xls2rdf.Xls2RdfConverter - Found title row at index 16
11:37:41.573  1813 DEBUG f.s.rdf.xls2rdf.Xls2RdfConverter - Adding value on header object "Template for building SKOS based controlled vocabulary" with lang en
11:37:41.576  1816 DEBUG f.s.rdf.xls2rdf.Xls2RdfConverter - Adding value on header object "Template for building SKOS based controlled vocabulary" with lang en
11:37:41.577  1817 DEBUG f.s.rdf.xls2rdf.Xls2RdfConverter - Adding value on header object "This is a template for building SKOS based controlled vocabulary which is used as base of the worflow describe in excel2rdf.readthedocs.io/" with lang en
11:37:41.580  1820 DEBUG f.s.rdf.xls2rdf.Xls2RdfConverter - Adding value on header object "https://orcid.org/0000-0002-9381-9694" with lang en
11:37:41.581  1821 DEBUG f.s.rdf.xls2rdf.Xls2RdfConverter - Adding value on header object "https://orcid.org/0000-0001-6875-5360" with lang en
11:37:41.585  1825 DEBUG f.s.rdf.xls2rdf.Xls2RdfConverter - Adding value on header object "0.1" with lang en
11:37:41.586  1826 DEBUG f.s.rdf.xls2rdf.Xls2RdfConverter - Adding value on header object "2020-10-22T22:00:00+01:00" with lang en
11:37:41.586  1826 DEBUG f.s.rdf.xls2rdf.Xls2RdfConverter - Adding value on header object "2020-10-23T08:00:00+01:00" with lang en
11:37:41.587  1827 DEBUG f.s.rdf.xls2rdf.Xls2RdfConverter - Converting data with these column headers: 
11:37:41.588  1828 DEBUG f.s.rdf.xls2rdf.Xls2RdfConverter - ColumnHeader [originalValue=Identifier, language=Optional.empty, datatype=Optional.empty, property=null, declaredProperty=Identifier, inverse=false, parameters={}, id=null, reconcileOn=null, headerCell=Identifier]
11:37:41.594  1834 DEBUG f.s.rdf.xls2rdf.Xls2RdfConverter - ColumnHeader [originalValue=skos:prefLabel@en, language=Optional[en], datatype=Optional.empty, property=http://www.w3.org/2004/02/skos/core#prefLabel, declaredProperty=skos:prefLabel, inverse=false, parameters={}, id=null, reconcileOn=null, headerCell=skos:prefLabel@en]
11:37:41.595  1835 DEBUG f.s.rdf.xls2rdf.Xls2RdfConverter - ColumnHeader [originalValue=skos:altLabel(separator=","), language=Optional.empty, datatype=Optional.empty, property=http://www.w3.org/2004/02/skos/core#altLabel, declaredProperty=skos:altLabel, inverse=false, parameters={separator=,}, id=null, reconcileOn=null, headerCell=skos:altLabel(separator=",")]
11:37:41.595  1835 DEBUG f.s.rdf.xls2rdf.Xls2RdfConverter - ColumnHeader [originalValue=skos:definition@en, language=Optional[en], datatype=Optional.empty, property=http://www.w3.org/2004/02/skos/core#definition, declaredProperty=skos:definition, inverse=false, parameters={}, id=null, reconcileOn=null, headerCell=skos:definition@en]
11:37:41.596  1836 DEBUG f.s.rdf.xls2rdf.Xls2RdfConverter - ColumnHeader [originalValue=skos:broader(separator=","), language=Optional.empty, datatype=Optional.empty, property=http://www.w3.org/2004/02/skos/core#broader, declaredProperty=skos:broader, inverse=false, parameters={separator=,}, id=null, reconcileOn=null, headerCell=skos:broader(separator=",")]
11:37:41.596  1836 DEBUG f.s.rdf.xls2rdf.Xls2RdfConverter - ColumnHeader [originalValue=skos:exactMatch(separator=","), language=Optional.empty, datatype=Optional.empty, property=http://www.w3.org/2004/02/skos/core#exactMatch, declaredProperty=skos:exactMatch, inverse=false, parameters={separator=,}, id=null, reconcileOn=null, headerCell=skos:exactMatch(separator=",")]
11:37:41.596  1836 DEBUG f.s.rdf.xls2rdf.Xls2RdfConverter - ColumnHeader [originalValue=dct:creator(separator=","), language=Optional.empty, datatype=Optional.empty, property=http://purl.org/dc/terms/creator, declaredProperty=dct:creator, inverse=false, parameters={separator=,}, id=null, reconcileOn=null, headerCell=dct:creator(separator=",")]
11:37:41.596  1836 DEBUG f.s.rdf.xls2rdf.Xls2RdfConverter - ColumnHeader [originalValue=dct:contributor(separator=","), language=Optional.empty, datatype=Optional.empty, property=http://purl.org/dc/terms/contributor, declaredProperty=dct:contributor, inverse=false, parameters={separator=,}, id=null, reconcileOn=null, headerCell=dct:contributor(separator=",")]
11:37:41.596  1836 DEBUG f.s.rdf.xls2rdf.Xls2RdfConverter - ColumnHeader [originalValue=skos:editorialNote@en, language=Optional[en], datatype=Optional.empty, property=http://www.w3.org/2004/02/skos/core#editorialNote, declaredProperty=skos:editorialNote, inverse=false, parameters={}, id=null, reconcileOn=null, headerCell=skos:editorialNote@en]
11:37:41.596  1836 INFO  f.s.rdf.xls2rdf.Xls2RdfConverter - Converting rows...
11:37:41.608  1848 INFO  f.s.rdf.xls2rdf.Xls2RdfConverter - Applying SKOS post-processings on the result
11:37:41.608  1848 DEBUG f.s.rdf.xls2rdf.SkosPostProcessor - Postprocessing : SkosPostProcessor
11:37:41.609  1849 DEBUG f.s.rdf.xls2rdf.SkosPostProcessor - Considering main resource like a ConceptScheme.
11:37:41.612  1852 DEBUG f.s.rdf.xls2rdf.SkosPostProcessor - Adding inverse skos:broader and skos:narrower
11:37:41.614  1854 DEBUG f.s.rdf.xls2rdf.SkosPostProcessor - Adding skos:inScheme
11:37:41.616  1856 DEBUG f.s.rdf.xls2rdf.SkosPostProcessor - Setting rdf:type skos:ConceptScheme to main resource
11:37:41.616  1856 DEBUG f.s.rdf.xls2rdf.SkosPostProcessor - Adding skos:hasTopConcept / skos:topConceptOf
11:37:41.617  1857 DEBUG f.s.rdf.xls2rdf.Xls2RdfConverter - Saving graph of 41 statements generated from Sheet controlled-termilogy
